<?xml version="1.0" encoding="UTF-8"?>
<!-- Generated by org.testng.reporters.JUnitReportReporter -->
<testsuite skipped="1" hostname="LAPTOP-V4JL6RP5" name="Runner.Amazon_Runner" tests="1" failures="0" timestamp="04 Oct 2018 03:52:28 GMT" time="0.000" errors="0">
  <testcase name="feature" time="0.000" classname="Runner.Amazon_Runner">
    <skipped/>
  </testcase> <!-- feature -->
</testsuite> <!-- Runner.Amazon_Runner -->
